<?xml version="1.0" encoding="UTF-8"?>
<robot generator="Robot 5.0.1 (Python 3.10.6 on linux)" generated="20230205 13:25:41.880" rpa="false" schemaversion="3">
<suite id="s1" name="Set coockies" source="/home/lukas/Plocha/PROJECTS/TRELLO_robot_framework/trelloapp/TESTS/Set_coockies.robot">
<test id="s1-t1" name="training" line="15">
<kw name="Open Browser" library="SeleniumLibrary">
<arg>${url}</arg>
<arg>${browser}</arg>
<doc>Opens a new browser instance to the optional ``url``.</doc>
<msg timestamp="20230205 13:25:42.024" level="INFO">Opening browser 'chrome' to base url 'http://localhost:3000/'.</msg>
<status status="PASS" starttime="20230205 13:25:42.023" endtime="20230205 13:25:43.110"/>
</kw>
<kw name="Add Cookie" library="SeleniumLibrary">
<arg>trello_token</arg>
<arg>eyJhbGciOiJIUzI1NiIsInR5cCI6IkpXVCJ9.eyJlbWFpbCI6Imx1a2FzQGx1a2FzLnNrIiwiaWF0IjoxNjc1NTk5MzMzLCJleHAiOjE2NzU2MDI5MzMsInN1YiI6IjIifQ.2_0KJ19mq3cr6J6aKfvaY3Cr0bN7nq1nwgDZP1HPlcE</arg>
<doc>Adds a cookie to your current session.</doc>
<status status="PASS" starttime="20230205 13:25:43.110" endtime="20230205 13:25:43.121"/>
</kw>
<kw name="Maximize Browser Window" library="SeleniumLibrary">
<doc>Maximizes current browser window.</doc>
<status status="PASS" starttime="20230205 13:25:43.122" endtime="20230205 13:25:43.227"/>
</kw>
<kw name="Click Element" library="SeleniumLibrary">
<arg>//*[@id="new-board"]</arg>
<doc>Click the element identified by ``locator``.</doc>
<msg timestamp="20230205 13:25:43.229" level="INFO">Clicking element '//*[@id="new-board"]'.</msg>
<status status="PASS" starttime="20230205 13:25:43.227" endtime="20230205 13:25:43.292"/>
</kw>
<kw name="Input Text" library="SeleniumLibrary">
<arg>//*[@id="new-board"]/input</arg>
<arg>${board_title}</arg>
<doc>Types the given ``text`` into the text field identified by ``locator``.</doc>
<msg timestamp="20230205 13:25:43.294" level="INFO">Typing text 'newboard' into text field '//*[@id="new-board"]/input'.</msg>
<status status="PASS" starttime="20230205 13:25:43.293" endtime="20230205 13:25:43.412"/>
</kw>
<kw name="Double Click Element" library="SeleniumLibrary">
<arg>//*[@id="new-board"]/div/button</arg>
<doc>Double clicks the element identified by ``locator``.</doc>
<msg timestamp="20230205 13:25:43.414" level="INFO">Double clicking element '//*[@id="new-board"]/div/button'.</msg>
<status status="PASS" starttime="20230205 13:25:43.413" endtime="20230205 13:25:43.739"/>
</kw>
<kw name="Click Element" library="SeleniumLibrary">
<arg>//*[@id="trello-app"]/div[5]/div[3]/div[2]/input</arg>
<doc>Click the element identified by ``locator``.</doc>
<msg timestamp="20230205 13:25:43.741" level="INFO">Clicking element '//*[@id="trello-app"]/div[5]/div[3]/div[2]/input'.</msg>
<status status="PASS" starttime="20230205 13:25:43.740" endtime="20230205 13:25:43.796"/>
</kw>
<kw name="Get Value" library="SeleniumLibrary">
<var>${board_title}</var>
<arg>//*[@id="trello-app"]/div[5]/div[3]/div[2]/input</arg>
<doc>Returns the value attribute of the element identified by ``locator``.</doc>
<msg timestamp="20230205 13:25:43.816" level="INFO">${board_title} = newboard</msg>
<status status="PASS" starttime="20230205 13:25:43.797" endtime="20230205 13:25:43.816"/>
</kw>
<kw name="Should Be Equal" library="BuiltIn">
<arg>${board_title}</arg>
<arg>${board_title}</arg>
<doc>Fails if the given objects are unequal.</doc>
<status status="PASS" starttime="20230205 13:25:43.817" endtime="20230205 13:25:43.817"/>
</kw>
<kw name="Location Should Contain" library="SeleniumLibrary">
<arg>http://localhost:3000/board/</arg>
<doc>Verifies that the current URL contains ``expected``.</doc>
<msg timestamp="20230205 13:25:43.824" level="INFO">Current location contains 'http://localhost:3000/board/'.</msg>
<status status="PASS" starttime="20230205 13:25:43.818" endtime="20230205 13:25:43.824"/>
</kw>
<kw name="Get Location" library="SeleniumLibrary">
<var>${create_list}</var>
<doc>Returns the current browser window URL.</doc>
<msg timestamp="20230205 13:25:43.830" level="INFO">${create_list} = http://localhost:3000/board/8807357729</msg>
<status status="PASS" starttime="20230205 13:25:43.825" endtime="20230205 13:25:43.830"/>
</kw>
<kw name="Go To" library="SeleniumLibrary">
<arg>${create_list}</arg>
<doc>Navigates the current browser window to the provided ``url``.</doc>
<msg timestamp="20230205 13:25:43.832" level="INFO">Opening url 'http://localhost:3000/board/8807357729'</msg>
<status status="PASS" starttime="20230205 13:25:43.831" endtime="20230205 13:25:43.965"/>
</kw>
<kw name="Click Element" library="SeleniumLibrary">
<arg>//*[@id="trello-app"]/div[5]/div[3]/div[3]/div</arg>
<doc>Click the element identified by ``locator``.</doc>
<msg timestamp="20230205 13:25:43.967" level="INFO">Clicking element '//*[@id="trello-app"]/div[5]/div[3]/div[3]/div'.</msg>
<status status="PASS" starttime="20230205 13:25:43.966" endtime="20230205 13:25:44.034"/>
</kw>
<kw name="Input Text" library="SeleniumLibrary">
<arg>//*[@id="trello-app"]/div[5]/div[3]/div[3]/div/input</arg>
<arg>${list_title}</arg>
<doc>Types the given ``text`` into the text field identified by ``locator``.</doc>
<msg timestamp="20230205 13:25:44.036" level="INFO">Typing text 'newlist' into text field '//*[@id="trello-app"]/div[5]/div[3]/div[3]/div/input'.</msg>
<status status="PASS" starttime="20230205 13:25:44.035" endtime="20230205 13:25:44.134"/>
</kw>
<kw name="Click Element" library="SeleniumLibrary">
<arg>//*[@id="trello-app"]/div[5]/div[3]/div[3]/div/div/button</arg>
<doc>Click the element identified by ``locator``.</doc>
<msg timestamp="20230205 13:25:44.135" level="INFO">Clicking element '//*[@id="trello-app"]/div[5]/div[3]/div[3]/div/div/button'.</msg>
<status status="PASS" starttime="20230205 13:25:44.134" endtime="20230205 13:25:44.182"/>
</kw>
<kw name="Get Value" library="SeleniumLibrary">
<var>${list_title}</var>
<arg>//*[@id="trello-app"]/div[5]/div[3]/div[3]/div[1]/input</arg>
<doc>Returns the value attribute of the element identified by ``locator``.</doc>
<msg timestamp="20230205 13:25:44.219" level="INFO">${list_title} = newlist</msg>
<status status="PASS" starttime="20230205 13:25:44.183" endtime="20230205 13:25:44.220"/>
</kw>
<kw name="Should Be Equal" library="BuiltIn">
<arg>${list_title}</arg>
<arg>${list_title}</arg>
<doc>Fails if the given objects are unequal.</doc>
<status status="PASS" starttime="20230205 13:25:44.221" endtime="20230205 13:25:44.222"/>
</kw>
<kw name="Get Location" library="SeleniumLibrary">
<var>${list_url}</var>
<doc>Returns the current browser window URL.</doc>
<msg timestamp="20230205 13:25:44.228" level="INFO">${list_url} = http://localhost:3000/board/8807357729</msg>
<status status="PASS" starttime="20230205 13:25:44.223" endtime="20230205 13:25:44.229"/>
</kw>
<kw name="Location Should Be" library="SeleniumLibrary">
<arg>${list_url}</arg>
<doc>Verifies that the current URL is exactly ``url``.</doc>
<msg timestamp="20230205 13:25:44.233" level="INFO">Current location is 'http://localhost:3000/board/8807357729'.</msg>
<status status="PASS" starttime="20230205 13:25:44.229" endtime="20230205 13:25:44.234"/>
</kw>
<status status="PASS" starttime="20230205 13:25:42.022" endtime="20230205 13:25:44.234"/>
</test>
<doc>Set coockies</doc>
<status status="PASS" starttime="20230205 13:25:41.883" endtime="20230205 13:25:44.236"/>
</suite>
<statistics>
<total>
<stat pass="1" fail="0" skip="0">All Tests</stat>
</total>
<tag>
</tag>
<suite>
<stat pass="1" fail="0" skip="0" id="s1" name="Set coockies">Set coockies</stat>
</suite>
</statistics>
<errors>
</errors>
</robot>
