<?xml version="1.0" encoding="UTF-8"?>
<robot generator="Robot 5.0.1 (Python 3.10.6 on linux)" generated="20221202 09:27:58.427" rpa="false" schemaversion="3">
<suite id="s1" name="Star" source="/home/lukas/Plocha/PROJECTS/TRELLO_robot_framework/trelloapp/TESTS/star.robot">
<test id="s1-t1" name="Create board and list and check the value of list" line="14">
<kw name="Open Browser" library="SeleniumLibrary">
<arg>${url}</arg>
<arg>${browser}</arg>
<doc>Opens a new browser instance to the optional ``url``.</doc>
<msg timestamp="20221202 09:27:58.596" level="INFO">Opening browser 'chrome' to base url 'http://localhost:3000/'.</msg>
<status status="PASS" starttime="20221202 09:27:58.595" endtime="20221202 09:27:59.788"/>
</kw>
<kw name="Maximize Browser Window" library="SeleniumLibrary">
<doc>Maximizes current browser window.</doc>
<status status="PASS" starttime="20221202 09:27:59.789" endtime="20221202 09:27:59.899"/>
</kw>
<kw name="Click Element" library="SeleniumLibrary">
<arg>css:board:nth-child(2) .Star</arg>
<doc>Click the element identified by ``locator``.</doc>
<msg timestamp="20221202 09:27:59.900" level="INFO">Clicking element 'css:board:nth-child(2) .Star'.</msg>
<msg timestamp="20221202 09:28:00.103" level="INFO" html="true">&lt;/td&gt;&lt;/tr&gt;&lt;tr&gt;&lt;td colspan="3"&gt;&lt;a href="selenium-screenshot-5.png"&gt;&lt;img src="selenium-screenshot-5.png" width="800px"&gt;&lt;/a&gt;</msg>
<msg timestamp="20221202 09:28:00.104" level="FAIL">Element with locator 'css:board:nth-child(2) .Star' not found.</msg>
<status status="FAIL" starttime="20221202 09:27:59.900" endtime="20221202 09:28:00.105"/>
</kw>
<status status="FAIL" starttime="20221202 09:27:58.594" endtime="20221202 09:28:00.106">Element with locator 'css:board:nth-child(2) .Star' not found.</status>
</test>
<doc>Create board and list and check the value of list</doc>
<status status="FAIL" starttime="20221202 09:27:58.430" endtime="20221202 09:28:00.107"/>
</suite>
<statistics>
<total>
<stat pass="0" fail="1" skip="0">All Tests</stat>
</total>
<tag>
</tag>
<suite>
<stat pass="0" fail="1" skip="0" id="s1" name="Star">Star</stat>
</suite>
</statistics>
<errors>
</errors>
</robot>
