<?xml version="1.0" encoding="UTF-8"?>
<robot generator="Robot 5.0.1 (Python 3.10.6 on linux)" generated="20221201 15:01:35.301" rpa="false" schemaversion="3">
<suite id="s1" name="Delete Board" source="/home/lukas/Plocha/PROJECTS/TRELLO_robot_framework/trelloapp/TESTS/delete_board.robot">
<test id="s1-t1" name="Delete board and check if its deleted" line="15">
<kw name="Open Browser" library="SeleniumLibrary">
<arg>${url}</arg>
<arg>${browser}</arg>
<doc>Opens a new browser instance to the optional ``url``.</doc>
<msg timestamp="20221201 15:01:35.402" level="INFO">Opening browser 'chrome' to base url 'http://localhost:3000/'.</msg>
<status status="PASS" starttime="20221201 15:01:35.402" endtime="20221201 15:01:36.380"/>
</kw>
<kw name="Maximize Browser Window" library="SeleniumLibrary">
<doc>Maximizes current browser window.</doc>
<status status="PASS" starttime="20221201 15:01:36.380" endtime="20221201 15:01:36.485"/>
</kw>
<kw name="Click Element" library="SeleniumLibrary">
<arg>id:new-board</arg>
<doc>Click the element identified by ``locator``.</doc>
<msg timestamp="20221201 15:01:36.487" level="INFO">Clicking element 'id:new-board'.</msg>
<status status="PASS" starttime="20221201 15:01:36.486" endtime="20221201 15:01:36.529"/>
</kw>
<kw name="Input Text" library="SeleniumLibrary">
<arg>class:board_addBoard</arg>
<arg>${board}</arg>
<doc>Types the given ``text`` into the text field identified by ``locator``.</doc>
<msg timestamp="20221201 15:01:36.530" level="INFO">Typing text 'ROBOT BOARD' into text field 'class:board_addBoard'.</msg>
<status status="PASS" starttime="20221201 15:01:36.530" endtime="20221201 15:01:36.623"/>
</kw>
<kw name="Press Keys" library="SeleniumLibrary">
<arg>class:board_addBoard</arg>
<arg>ENTER</arg>
<doc>Simulates the user pressing key(s) to an element or on the active browser.</doc>
<msg timestamp="20221201 15:01:36.624" level="INFO">Sending key(s) ('ENTER',) to class:board_addBoard element.</msg>
<msg timestamp="20221201 15:01:36.908" level="INFO">Pressing special key ENTER to element.</msg>
<msg timestamp="20221201 15:01:36.908" level="INFO">Releasing special key ENTER.</msg>
<status status="PASS" starttime="20221201 15:01:36.623" endtime="20221201 15:01:36.915"/>
</kw>
<kw name="Wait Until Element Is Visible" library="SeleniumLibrary">
<arg>//*[@id="trello-app"]/div[5]/div[3]/div[2]/div[1]</arg>
<doc>Waits until the element ``locator`` is visible.</doc>
<msg timestamp="20221201 15:01:36.964" level="INFO">Suppressing StaleElementReferenceException from Selenium.</msg>
<status status="PASS" starttime="20221201 15:01:36.916" endtime="20221201 15:01:37.182"/>
</kw>
<kw name="Click Element" library="SeleniumLibrary">
<arg>//*[@id="trello-app"]/div[5]/div[3]/div[2]/div[1]</arg>
<doc>Click the element identified by ``locator``.</doc>
<msg timestamp="20221201 15:01:37.182" level="INFO">Clicking element '//*[@id="trello-app"]/div[5]/div[3]/div[2]/div[1]'.</msg>
<status status="PASS" starttime="20221201 15:01:37.182" endtime="20221201 15:01:37.216"/>
</kw>
<kw name="Wait Until Element Is Visible" library="SeleniumLibrary">
<arg>//span[contains(.,"Delete board")]</arg>
<doc>Waits until the element ``locator`` is visible.</doc>
<status status="PASS" starttime="20221201 15:01:37.217" endtime="20221201 15:01:37.239"/>
</kw>
<kw name="Click Element" library="SeleniumLibrary">
<arg>//span[contains(.,"Delete board")]</arg>
<doc>Click the element identified by ``locator``.</doc>
<msg timestamp="20221201 15:01:37.239" level="INFO">Clicking element '//span[contains(.,"Delete board")]'.</msg>
<status status="PASS" starttime="20221201 15:01:37.239" endtime="20221201 15:01:37.279"/>
</kw>
<status status="PASS" starttime="20221201 15:01:35.401" endtime="20221201 15:01:37.280"/>
</test>
<doc>Delete board and check if its deleted</doc>
<status status="PASS" starttime="20221201 15:01:35.303" endtime="20221201 15:01:37.281"/>
</suite>
<statistics>
<total>
<stat pass="1" fail="0" skip="0">All Tests</stat>
</total>
<tag>
</tag>
<suite>
<stat pass="1" fail="0" skip="0" id="s1" name="Delete Board">Delete Board</stat>
</suite>
</statistics>
<errors>
</errors>
</robot>
