<?xml version="1.0" encoding="UTF-8"?>
<robot generator="Robot 5.0.1 (Python 3.10.6 on linux)" generated="20221128 11:00:32.128" rpa="false" schemaversion="3">
<suite id="s1" name="First Test" source="/home/lukas/Plocha/PROJECTS/TRELLO PROJECT/trelloapp/ROBOT_FRAMEWORK_TESTS/first_test.robot">
<test id="s1-t1" name="Try to open page" line="14">
<kw name="Open Browser" library="SeleniumLibrary">
<arg>${URL}</arg>
<arg>${BROWSER}</arg>
<doc>Opens a new browser instance to the optional ``url``.</doc>
<msg timestamp="20221128 11:00:32.321" level="INFO">Opening browser 'Chrome' to base url 'http://localhost:3000'.</msg>
<status status="PASS" starttime="20221128 11:00:32.320" endtime="20221128 11:00:33.603"/>
</kw>
<status status="PASS" starttime="20221128 11:00:32.319" endtime="20221128 11:00:33.604"/>
</test>
<doc>my first test</doc>
<status status="PASS" starttime="20221128 11:00:32.132" endtime="20221128 11:00:33.606"/>
</suite>
<statistics>
<total>
<stat pass="1" fail="0" skip="0">All Tests</stat>
</total>
<tag>
</tag>
<suite>
<stat pass="1" fail="0" skip="0" id="s1" name="First Test">First Test</stat>
</suite>
</statistics>
<errors>
</errors>
</robot>
