<?xml version="1.0" encoding="UTF-8"?>
<robot generator="Robot 5.0.1 (Python 3.10.6 on linux)" generated="20230205 10:59:34.473" rpa="false" schemaversion="3">
<suite id="s1" name="Global" source="/home/lukas/Plocha/PROJECTS/TRELLO_robot_framework/trelloapp/TESTS/global.robot">
<test id="s1-t1" name="blbbla" line="14">
<kw name="Open Browser" library="SeleniumLibrary">
<arg>${url}</arg>
<arg>${browser}</arg>
<doc>Opens a new browser instance to the optional ``url``.</doc>
<msg timestamp="20230205 10:59:34.570" level="INFO">Opening browser 'chrome' to base url 'http://localhost:3000/'.</msg>
<status status="PASS" starttime="20230205 10:59:34.569" endtime="20230205 10:59:35.583"/>
</kw>
<kw name="Maximize Browser Window" library="SeleniumLibrary">
<doc>Maximizes current browser window.</doc>
<status status="PASS" starttime="20230205 10:59:35.584" endtime="20230205 10:59:35.690"/>
</kw>
<kw name="Click Element" library="SeleniumLibrary">
<arg>//*[@id="new-board"]</arg>
<doc>Click the element identified by ``locator``.</doc>
<msg timestamp="20230205 10:59:35.692" level="INFO">Clicking element '//*[@id="new-board"]'.</msg>
<status status="PASS" starttime="20230205 10:59:35.691" endtime="20230205 10:59:35.736"/>
</kw>
<kw name="Input Text" library="SeleniumLibrary">
<arg>//*[@id="new-board"]/input</arg>
<arg>${board_title}</arg>
<doc>Types the given ``text`` into the text field identified by ``locator``.</doc>
<msg timestamp="20230205 10:59:35.738" level="INFO">Typing text 'newboard' into text field '//*[@id="new-board"]/input'.</msg>
<status status="PASS" starttime="20230205 10:59:35.737" endtime="20230205 10:59:35.827"/>
</kw>
<kw name="Double Click Element" library="SeleniumLibrary">
<arg>//*[@id="new-board"]/div/button</arg>
<doc>Double clicks the element identified by ``locator``.</doc>
<msg timestamp="20230205 10:59:35.829" level="INFO">Double clicking element '//*[@id="new-board"]/div/button'.</msg>
<status status="PASS" starttime="20230205 10:59:35.828" endtime="20230205 10:59:36.151"/>
</kw>
<kw name="Click Element" library="SeleniumLibrary">
<arg>//*[@id="trello-app"]/div[5]/div[3]/div[2]/input</arg>
<doc>Click the element identified by ``locator``.</doc>
<msg timestamp="20230205 10:59:36.152" level="INFO">Clicking element '//*[@id="trello-app"]/div[5]/div[3]/div[2]/input'.</msg>
<status status="PASS" starttime="20230205 10:59:36.151" endtime="20230205 10:59:36.197"/>
</kw>
<kw name="Get Value" library="SeleniumLibrary">
<var>${board_title}</var>
<arg>//*[@id="trello-app"]/div[5]/div[3]/div[2]/input</arg>
<doc>Returns the value attribute of the element identified by ``locator``.</doc>
<msg timestamp="20230205 10:59:36.218" level="INFO">${board_title} = newboard</msg>
<status status="PASS" starttime="20230205 10:59:36.198" endtime="20230205 10:59:36.218"/>
</kw>
<kw name="Should Be Equal" library="BuiltIn">
<arg>${board_title}</arg>
<arg>${board_title}</arg>
<doc>Fails if the given objects are unequal.</doc>
<status status="PASS" starttime="20230205 10:59:36.219" endtime="20230205 10:59:36.219"/>
</kw>
<kw name="Go To" library="SeleniumLibrary">
<arg>${create_list}</arg>
<doc>Navigates the current browser window to the provided ``url``.</doc>
<msg timestamp="20230205 10:59:36.221" level="FAIL">Variable '${create_list}' not found.</msg>
<status status="FAIL" starttime="20230205 10:59:36.220" endtime="20230205 10:59:36.222"/>
</kw>
<kw name="Location Should Contain" library="SeleniumLibrary">
<arg>http://localhost:3000/board/</arg>
<doc>Verifies that the current URL contains ``expected``.</doc>
<status status="NOT RUN" starttime="20230205 10:59:36.223" endtime="20230205 10:59:36.223"/>
</kw>
<kw name="Click Element" library="SeleniumLibrary">
<arg>//*[@id="trello-app"]/div[5]/div[3]/div[3]/div</arg>
<doc>Click the element identified by ``locator``.</doc>
<status status="NOT RUN" starttime="20230205 10:59:36.224" endtime="20230205 10:59:36.224"/>
</kw>
<kw name="Input Text" library="SeleniumLibrary">
<arg>//*[@id="trello-app"]/div[5]/div[3]/div[3]/div/input</arg>
<arg>${list_title}</arg>
<doc>Types the given ``text`` into the text field identified by ``locator``.</doc>
<status status="NOT RUN" starttime="20230205 10:59:36.225" endtime="20230205 10:59:36.225"/>
</kw>
<kw name="Click Element" library="SeleniumLibrary">
<arg>//*[@id="trello-app"]/div[5]/div[3]/div[3]/div/div/button</arg>
<doc>Click the element identified by ``locator``.</doc>
<status status="NOT RUN" starttime="20230205 10:59:36.225" endtime="20230205 10:59:36.225"/>
</kw>
<status status="FAIL" starttime="20230205 10:59:34.569" endtime="20230205 10:59:36.226">Variable '${create_list}' not found.</status>
</test>
<doc>only training</doc>
<status status="FAIL" starttime="20230205 10:59:34.476" endtime="20230205 10:59:36.227"/>
</suite>
<statistics>
<total>
<stat pass="0" fail="1" skip="0">All Tests</stat>
</total>
<tag>
</tag>
<suite>
<stat pass="0" fail="1" skip="0" id="s1" name="Global">Global</stat>
</suite>
</statistics>
<errors>
</errors>
</robot>
